<?xml version="1.0" encoding="UTF-8"?>
<testsuite name="SimpleBankSystemTest" tests="1" skipped="0" failures="0" errors="0" timestamp="2020-10-29T21:20:10" hostname="DESKTOP-H0T0QGB" time="0.587">
  <properties/>
  <testcase name="start" classname="SimpleBankSystemTest" time="0.587"/>
  <system-out><![CDATA[?[1;31m
Start test 1?[0m
1. Create an account
2. Log into account
0. Exit
> 0

Bye!
?[1;31m
Start test 2?[0m
1. Create an account
2. Log into account
0. Exit
> 0

Bye!
?[1;31m
Start test 3?[0m
1. Create an account
2. Log into account
0. Exit
> 0

Bye!
?[1;31m
Start test 4?[0m
1. Create an account
2. Log into account
0. Exit
> 0

Bye!
?[1;31m
Start test 5?[0m
1. Create an account
2. Log into account
0. Exit
> 1

Your card has been created
Your card number: 
4000008592706209
Your card PIN: 
9395

1. Create an account
2. Log into account
0. Exit
> 1

Your card has been created
Your card number: 
4000001334685583
Your card PIN: 
7133

1. Create an account
2. Log into account
0. Exit
> 1

Your card has been created
Your card number: 
4000009906315729
Your card PIN: 
7864

1. Create an account
2. Log into account
0. Exit
> 1

Your card has been created
Your card number: 
4000000692111562
Your card PIN: 
4769

1. Create an account
2. Log into account
0. Exit
> 0

Bye!
?[1;31m
Start test 6?[0m
1. Create an account
2. Log into account
0. Exit
> 1

Your card has been created
Your card number: 
4000009894798258
Your card PIN: 
6393

1. Create an account
2. Log into account
0. Exit
> 2

Enter your card number:
> 4000009894798258
Enter your PIN:
> 6393

You have successfully logged in!

1. Balance
2. Add income
3. Do transfer
4. Close account
5. Log out
0. Exit
> 0

Bye!
?[1;31m
Start test 7?[0m
1. Create an account
2. Log into account
0. Exit
> 1

Your card has been created
Your card number: 
4000001089152730
Your card PIN: 
3948

1. Create an account
2. Log into account
0. Exit
> 2

Enter your card number:
> 4000001089152730
Enter your PIN:
> 9042

Wrong card number or PIN!

1. Create an account
2. Log into account
0. Exit
> 0

Bye!
?[1;31m
Start test 8?[0m
1. Create an account
2. Log into account
0. Exit
> 1

Your card has been created
Your card number: 
4000005044565274
Your card PIN: 
1661

1. Create an account
2. Log into account
0. Exit
> 2

Enter your card number:
> 400000579961304
Enter your PIN:
> 1661

Wrong card number or PIN!

1. Create an account
2. Log into account
0. Exit
> 0

Bye!
?[1;31m
Start test 9?[0m
1. Create an account
2. Log into account
0. Exit
> 1

Your card has been created
Your card number: 
4000006516837704
Your card PIN: 
6905

1. Create an account
2. Log into account
0. Exit
> 2

Enter your card number:
> 4000006516837704
Enter your PIN:
> 6905

You have successfully logged in!

1. Balance
2. Add income
3. Do transfer
4. Close account
5. Log out
0. Exit
> 1

Balance: 0

1. Balance
2. Add income
3. Do transfer
4. Close account
5. Log out
0. Exit
> 0

Bye!
?[1;31m
Start test 10?[0m
1. Create an account
2. Log into account
0. Exit
> 1

Your card has been created
Your card number: 
4000006857405947
Your card PIN: 
7302

1. Create an account
2. Log into account
0. Exit
> 2

Enter your card number:
> 4000006857405947
Enter your PIN:
> 7302

You have successfully logged in!

1. Balance
2. Add income
3. Do transfer
4. Close account
5. Log out
0. Exit
> 2

Enter income:
> 10000
Income was added

1. Balance
2. Add income
3. Do transfer
4. Close account
5. Log out
0. Exit
> 2

Enter income:
> 15000
Income was added

1. Balance
2. Add income
3. Do transfer
4. Close account
5. Log out
0. Exit
> 0

Bye!
?[1;31m
Start test 11?[0m
1. Create an account
2. Log into account
0. Exit
> 1

Your card has been created
Your card number: 
4000001426339586
Your card PIN: 
5830

1. Create an account
2. Log into account
0. Exit
> 2

Enter your card number:
> 4000001426339586
Enter your PIN:
> 5830

You have successfully logged in!

1. Balance
2. Add income
3. Do transfer
4. Close account
5. Log out
0. Exit
> 4

The account has been closed!

1. Create an account
2. Log into account
0. Exit
> 0

Bye!
]]></system-out>
  <system-err><![CDATA[]]></system-err>
</testsuite>
