<?xml version="1.0" encoding="UTF-8"?>
<testsuite name="SimpleBankSystemTest" tests="1" skipped="0" failures="0" errors="0" timestamp="2020-07-29T16:29:01" hostname="DESKTOP-H0T0QGB" time="0.502">
  <properties/>
  <testcase name="start" classname="SimpleBankSystemTest" time="0.502"/>
  <system-out><![CDATA[?[1;31m
Start test 1?[0m
1. Create an account
2. Log into account
0. Exit
> 0

Bye!
?[1;31m
Start test 2?[0m
1. Create an account
2. Log into account
0. Exit
> 0

Bye!
?[1;31m
Start test 3?[0m
1. Create an account
2. Log into account
0. Exit
> 0

Bye!
?[1;31m
Start test 4?[0m
1. Create an account
2. Log into account
0. Exit
> 0

Bye!
?[1;31m
Start test 5?[0m
1. Create an account
2. Log into account
0. Exit
> 1
4000000728125826

Your card has been created
Your card number: 
4000000728125826
Your card PIN: 
3796
0	4000004552863072	0	0750
0	4000005654439059	0	3969
0	4000006591905277	0	3942
0	4000006186208707	0	1520
0	4000007356657418	0	7926
0	4000004945399891	0	1472
0	4000009296418562	0	5778
0	4000002552459305	0	9096
9	4000000728125826	0	3796

1. Create an account
2. Log into account
0. Exit
> 1
4000005849398327

Your card has been created
Your card number: 
4000005849398327
Your card PIN: 
2219
0	4000004552863072	0	0750
0	4000005654439059	0	3969
0	4000006591905277	0	3942
0	4000006186208707	0	1520
0	4000007356657418	0	7926
0	4000004945399891	0	1472
0	4000009296418562	0	5778
0	4000002552459305	0	9096
9	4000000728125826	0	3796
10	4000005849398327	0	2219

1. Create an account
2. Log into account
0. Exit
> 1
4000008865572866

Your card has been created
Your card number: 
4000008865572866
Your card PIN: 
6464
0	4000004552863072	0	0750
0	4000005654439059	0	3969
0	4000006591905277	0	3942
0	4000006186208707	0	1520
0	4000007356657418	0	7926
0	4000004945399891	0	1472
0	4000009296418562	0	5778
0	4000002552459305	0	9096
9	4000000728125826	0	3796
10	4000005849398327	0	2219
11	4000008865572866	0	6464

1. Create an account
2. Log into account
0. Exit
> 1
4000007476378911

Your card has been created
Your card number: 
4000007476378911
Your card PIN: 
3356
0	4000004552863072	0	0750
0	4000005654439059	0	3969
0	4000006591905277	0	3942
0	4000006186208707	0	1520
0	4000007356657418	0	7926
0	4000004945399891	0	1472
0	4000009296418562	0	5778
0	4000002552459305	0	9096
9	4000000728125826	0	3796
10	4000005849398327	0	2219
11	4000008865572866	0	6464
12	4000007476378911	0	3356

1. Create an account
2. Log into account
0. Exit
> 0

Bye!
?[1;31m
Start test 6?[0m
1. Create an account
2. Log into account
0. Exit
> 1
4000004982709630

Your card has been created
Your card number: 
4000004982709630
Your card PIN: 
8236
0	4000004552863072	0	0750
0	4000005654439059	0	3969
0	4000006591905277	0	3942
0	4000006186208707	0	1520
0	4000007356657418	0	7926
0	4000004945399891	0	1472
0	4000009296418562	0	5778
0	4000002552459305	0	9096
9	4000000728125826	0	3796
10	4000005849398327	0	2219
11	4000008865572866	0	6464
12	4000007476378911	0	3356
13	4000004982709630	0	8236

1. Create an account
2. Log into account
0. Exit
> 2

Enter your card number:
> 4000004982709630
Enter your PIN:
> 8236

You have successfully logged in!

1. Balance
2. Add income
3. Do transfer
4. Close account
5. Log out
0. Exit
> 0

Bye!
?[1;31m
Start test 7?[0m
1. Create an account
2. Log into account
0. Exit
> 1
4000003143429716

Your card has been created
Your card number: 
4000003143429716
Your card PIN: 
6503
0	4000004552863072	0	0750
0	4000005654439059	0	3969
0	4000006591905277	0	3942
0	4000006186208707	0	1520
0	4000007356657418	0	7926
0	4000004945399891	0	1472
0	4000009296418562	0	5778
0	4000002552459305	0	9096
9	4000000728125826	0	3796
10	4000005849398327	0	2219
11	4000008865572866	0	6464
12	4000007476378911	0	3356
13	4000004982709630	0	8236
14	4000003143429716	0	6503

1. Create an account
2. Log into account
0. Exit
> 2

Enter your card number:
> 4000003143429716
Enter your PIN:
> 3258

Wrong card number or PIN!

1. Create an account
2. Log into account
0. Exit
> 0

Bye!
?[1;31m
Start test 8?[0m
1. Create an account
2. Log into account
0. Exit
> 1
4000009557254144

Your card has been created
Your card number: 
4000009557254144
Your card PIN: 
8909
0	4000004552863072	0	0750
0	4000005654439059	0	3969
0	4000006591905277	0	3942
0	4000006186208707	0	1520
0	4000007356657418	0	7926
0	4000004945399891	0	1472
0	4000009296418562	0	5778
0	4000002552459305	0	9096
9	4000000728125826	0	3796
10	4000005849398327	0	2219
11	4000008865572866	0	6464
12	4000007476378911	0	3356
13	4000004982709630	0	8236
14	4000003143429716	0	6503
15	4000009557254144	0	8909

1. Create an account
2. Log into account
0. Exit
> 2

Enter your card number:
> 400000740154040
Enter your PIN:
> 8909

Wrong card number or PIN!

1. Create an account
2. Log into account
0. Exit
> 0

Bye!
?[1;31m
Start test 9?[0m
1. Create an account
2. Log into account
0. Exit
> 1
4000003134868013

Your card has been created
Your card number: 
4000003134868013
Your card PIN: 
1538
0	4000004552863072	0	0750
0	4000005654439059	0	3969
0	4000006591905277	0	3942
0	4000006186208707	0	1520
0	4000007356657418	0	7926
0	4000004945399891	0	1472
0	4000009296418562	0	5778
0	4000002552459305	0	9096
9	4000000728125826	0	3796
10	4000005849398327	0	2219
11	4000008865572866	0	6464
12	4000007476378911	0	3356
13	4000004982709630	0	8236
14	4000003143429716	0	6503
15	4000009557254144	0	8909
16	4000003134868013	0	1538

1. Create an account
2. Log into account
0. Exit
> 2

Enter your card number:
> 4000003134868013
Enter your PIN:
> 1538

You have successfully logged in!

1. Balance
2. Add income
3. Do transfer
4. Close account
5. Log out
0. Exit
> 1

Balance: 0

1. Balance
2. Add income
3. Do transfer
4. Close account
5. Log out
0. Exit
> 0

Bye!
?[1;31m
Start test 10?[0m
1. Create an account
2. Log into account
0. Exit
> 1
4000002633716913

Your card has been created
Your card number: 
4000002633716913
Your card PIN: 
5129
0	4000004552863072	0	0750
0	4000005654439059	0	3969
0	4000006591905277	0	3942
0	4000006186208707	0	1520
0	4000007356657418	0	7926
0	4000004945399891	0	1472
0	4000009296418562	0	5778
0	4000002552459305	0	9096
9	4000000728125826	0	3796
10	4000005849398327	0	2219
11	4000008865572866	0	6464
12	4000007476378911	0	3356
13	4000004982709630	0	8236
14	4000003143429716	0	6503
15	4000009557254144	0	8909
16	4000003134868013	0	1538
17	4000002633716913	0	5129

1. Create an account
2. Log into account
0. Exit
> 2

Enter your card number:
> 4000002633716913
Enter your PIN:
> 5129

You have successfully logged in!

1. Balance
2. Add income
3. Do transfer
4. Close account
5. Log out
0. Exit
> 2

Enter income:
> 10000
Income was added

1. Balance
2. Add income
3. Do transfer
4. Close account
5. Log out
0. Exit
> 2

Enter income:
> 15000
Income was added

1. Balance
2. Add income
3. Do transfer
4. Close account
5. Log out
0. Exit
> 0

Bye!
?[1;31m
Start test 11?[0m
1. Create an account
2. Log into account
0. Exit
> 1
4000008173592549

Your card has been created
Your card number: 
4000008173592549
Your card PIN: 
7205
0	4000004552863072	0	0750
0	4000005654439059	0	3969
0	4000006591905277	0	3942
0	4000006186208707	0	1520
0	4000007356657418	0	7926
0	4000004945399891	0	1472
0	4000009296418562	0	5778
0	4000002552459305	0	9096
9	4000000728125826	0	3796
10	4000005849398327	0	2219
11	4000008865572866	0	6464
12	4000007476378911	0	3356
13	4000004982709630	0	8236
14	4000003143429716	0	6503
15	4000009557254144	0	8909
16	4000003134868013	0	1538
17	4000002633716913	25000	5129
18	4000008173592549	0	7205

1. Create an account
2. Log into account
0. Exit
> 2

Enter your card number:
> 4000008173592549
Enter your PIN:
> 7205

You have successfully logged in!

1. Balance
2. Add income
3. Do transfer
4. Close account
5. Log out
0. Exit
> 4

The account has been closed!

1. Create an account
2. Log into account
0. Exit
> 0

Bye!
]]></system-out>
  <system-err><![CDATA[]]></system-err>
</testsuite>
