<?xml version="1.0" encoding="UTF-8"?>
<testsuite name="SimpleBankSystemTest" tests="1" skipped="0" failures="0" errors="0" timestamp="2020-07-28T09:52:05" hostname="DESKTOP-HE0B0I9" time="1.453">
  <properties/>
  <testcase name="start" classname="SimpleBankSystemTest" time="1.453"/>
  <system-out><![CDATA[?[1;31m
Start test 1?[0m
1. Create an account
2. Log into account
0. Exit
> 0

Bye!
?[1;31m
Start test 2?[0m
1. Create an account
2. Log into account
0. Exit
> 0

Bye!
?[1;31m
Start test 3?[0m
1. Create an account
2. Log into account
0. Exit
> 0

Bye!
?[1;31m
Start test 4?[0m
1. Create an account
2. Log into account
0. Exit
> 0

Bye!
?[1;31m
Start test 5?[0m
1. Create an account
2. Log into account
0. Exit
> 1

Your card has been created
Your card number: 
4000007438982651
Your card PIN: 
4417

1. Create an account
2. Log into account
0. Exit
> 1

Your card has been created
Your card number: 
4000009081502018
Your card PIN: 
1863

1. Create an account
2. Log into account
0. Exit
> 1

Your card has been created
Your card number: 
4000004629905070
Your card PIN: 
4863

1. Create an account
2. Log into account
0. Exit
> 1

Your card has been created
Your card number: 
4000009922045995
Your card PIN: 
7508

1. Create an account
2. Log into account
0. Exit
> 0

Bye!
?[1;31m
Start test 6?[0m
1. Create an account
2. Log into account
0. Exit
> 1

Your card has been created
Your card number: 
4000002860292950
Your card PIN: 
5517

1. Create an account
2. Log into account
0. Exit
> 2

Enter your card number:
> 4000002860292950
Enter your PIN:
> 5517

You have successfully logged in!

1. Balance
2. Log out
0. Exit
> 0

Bye!
?[1;31m
Start test 7?[0m
1. Create an account
2. Log into account
0. Exit
> 1

Your card has been created
Your card number: 
4000003927436390
Your card PIN: 
3006

1. Create an account
2. Log into account
0. Exit
> 2

Enter your card number:
> 4000003927436390
Enter your PIN:
> 4027

Wrong card number or PIN!

1. Create an account
2. Log into account
0. Exit
> 0

Bye!
?[1;31m
Start test 8?[0m
1. Create an account
2. Log into account
0. Exit
> 1

Your card has been created
Your card number: 
4000009794429756
Your card PIN: 
4284

1. Create an account
2. Log into account
0. Exit
> 2

Enter your card number:
> 400000670508810
Enter your PIN:
> 4284

Wrong card number or PIN!

1. Create an account
2. Log into account
0. Exit
> 0

Bye!
?[1;31m
Start test 9?[0m
1. Create an account
2. Log into account
0. Exit
> 1

Your card has been created
Your card number: 
4000000762073601
Your card PIN: 
5953

1. Create an account
2. Log into account
0. Exit
> 2

Enter your card number:
> 4000000762073601
Enter your PIN:
> 5953

You have successfully logged in!

1. Balance
2. Log out
0. Exit
> 1

Balance: 0

1. Balance
2. Log out
0. Exit
> 0

Bye!
]]></system-out>
  <system-err><![CDATA[]]></system-err>
</testsuite>
